<?xml version="1.0" encoding="UTF-8"?>
<!-- Generated by org.testng.reporters.JUnitReportReporter -->
<testsuite hostname="BefisPC" failures="0" testClasses="1" name="testClasses.Gmail" time="5.382" errors="0" timestamp="2022-10-25T14:15:20 EDT" skipped="0">
  <testcase classname="testClasses.Gmail" name="verifyLearnMorePageTitle" time="5.382"/>
  <system-out/>
</testsuite> <!-- testClasses.Gmail -->
