<?xml version="1.0" encoding="UTF-8"?>
<!-- Generated by org.testng.reporters.JUnitReportReporter -->
<testsuite hostname="BefisPC" failures="0" testClasses="1" name="testClasses.Gmail" time="2.732" errors="0" timestamp="2022-10-25T00:32:00 EDT" skipped="0">
  <testcase classname="testClasses.Gmail" name="befisTest" time="2.732"/>
  <system-out/>
</testsuite> <!-- testClasses.Gmail -->
